<?xml version="1.0" encoding="UTF-8"?>
<!-- Generated by org.testng.reporters.JUnitReportReporter -->
<testsuite hostname="LAPTOP-POGK2L6P" failures="0" tests="3" name="com.ell.qa.testcases.LoginPageTest" time="30.979" errors="0" timestamp="2024-10-23T20:52:03 IST" skipped="0">
  <testcase classname="com.ell.qa.testcases.LoginPageTest" name="loginPageTitleTest" time="9.855"/>
  <testcase classname="com.ell.qa.testcases.LoginPageTest" name="ellLogoImageTest" time="4.905"/>
  <testcase classname="com.ell.qa.testcases.LoginPageTest" name="loginTest" time="16.219"/>
</testsuite> <!-- com.ell.qa.testcases.LoginPageTest -->
