<?xml version="1.0" encoding="UTF-8"?>
<!-- Generated by org.testng.reporters.JUnitReportReporter -->
<testsuite hostname="LAPTOP-POGK2L6P" failures="0" tests="2" name="com.ell.qa.testcases.SettingsPageTest" time="34.589" errors="0" timestamp="2024-10-23T20:52:03 IST" skipped="0">
  <testcase classname="com.ell.qa.testcases.SettingsPageTest" name="verifySettingsPageTitleTest" time="10.146"/>
  <testcase classname="com.ell.qa.testcases.SettingsPageTest" name="validateNewAddUser" time="24.443"/>
</testsuite> <!-- com.ell.qa.testcases.SettingsPageTest -->
