<?xml version="1.0" encoding="UTF-8"?>
<!-- Generated by org.testng.reporters.JUnitReportReporter -->
<testsuite hostname="LAPTOP-POGK2L6P" failures="0" tests="1" name="com.ell.qa.testcases.HomePageTest" time="7.276" errors="0" timestamp="2024-09-30T12:51:43 IST" skipped="0">
  <testcase classname="com.ell.qa.testcases.HomePageTest" name="verifyHistoricalPageTest" time="7.276"/>
</testsuite> <!-- com.ell.qa.testcases.HomePageTest -->
